Using pre-set license
Built from '2022.3/staging' branch; Version is '2022.3.10f1 (ff3792e53c62) revision 16725906'; Using compiler version '192829333'; Build Type 'Release'
OS: 'Windows 11  (10.0.22621) 64bit Core' Language: 'en' Physical Memory: 16051 MB
BatchMode: 1, IsHumanControllingUs: 0, StartBugReporterOnCrash: 0, Is64bit: 1, IsPro: 1

COMMAND LINE ARGUMENTS:
C:\Program Files\Unity\Hub\Editor\2022.3.10f1\Editor\Unity.exe
-adb2
-batchMode
-noUpm
-name
AssetImportWorker7
-projectPath
C:/Users/alyss/OneDrive/AT Thru/Documents/GitHub/RomanceReborn
-logFile
Logs/AssetImportWorker7.log
-srvPort
55137
Successfully changed project path to: C:/Users/alyss/OneDrive/AT Thru/Documents/GitHub/RomanceReborn
C:/Users/alyss/OneDrive/AT Thru/Documents/GitHub/RomanceReborn
[UnityMemory] Configuration Parameters - Can be set up in boot.config
    "memorysetup-bucket-allocator-granularity=16"
    "memorysetup-bucket-allocator-bucket-count=8"
    "memorysetup-bucket-allocator-block-size=33554432"
    "memorysetup-bucket-allocator-block-count=8"
    "memorysetup-main-allocator-block-size=16777216"
    "memorysetup-thread-allocator-block-size=16777216"
    "memorysetup-gfx-main-allocator-block-size=16777216"
    "memorysetup-gfx-thread-allocator-block-size=16777216"
    "memorysetup-cache-allocator-block-size=4194304"
    "memorysetup-typetree-allocator-block-size=2097152"
    "memorysetup-profiler-bucket-allocator-granularity=16"
    "memorysetup-profiler-bucket-allocator-bucket-count=8"
    "memorysetup-profiler-bucket-allocator-block-size=33554432"
    "memorysetup-profiler-bucket-allocator-block-count=8"
    "memorysetup-profiler-allocator-block-size=16777216"
    "memorysetup-profiler-editor-allocator-block-size=1048576"
    "memorysetup-temp-allocator-size-main=16777216"
    "memorysetup-job-temp-allocator-block-size=2097152"
    "memorysetup-job-temp-allocator-block-size-background=1048576"
    "memorysetup-job-temp-allocator-reduction-small-platforms=262144"
    "memorysetup-allocator-temp-initial-block-size-main=262144"
    "memorysetup-allocator-temp-initial-block-size-worker=262144"
    "memorysetup-temp-allocator-size-background-worker=32768"
    "memorysetup-temp-allocator-size-job-worker=262144"
    "memorysetup-temp-allocator-size-preload-manager=33554432"
    "memorysetup-temp-allocator-size-nav-mesh-worker=65536"
    "memorysetup-temp-allocator-size-audio-worker=65536"
    "memorysetup-temp-allocator-size-cloud-worker=32768"
    "memorysetup-temp-allocator-size-gi-baking-worker=262144"
    "memorysetup-temp-allocator-size-gfx=262144"
Player connection [26448] Host "[IP] 192.168.1.171 [Port] 0 [Flags] 2 [Guid] 732538751 [EditorId] 732538751 [Version] 1048832 [Id] WindowsEditor(7,AlyssaPC) [Debug] 1 [PackageName] WindowsEditor [ProjectName] Editor" joined multi-casting on [225.0.0.222:54997]...

Player connection [26448] Host "[IP] 192.168.1.171 [Port] 0 [Flags] 2 [Guid] 732538751 [EditorId] 732538751 [Version] 1048832 [Id] WindowsEditor(7,AlyssaPC) [Debug] 1 [PackageName] WindowsEditor [ProjectName] Editor" joined alternative multi-casting on [225.0.0.222:34997]...

[Physics::Module] Initialized MultithreadedJobDispatcher with 19 workers.
Refreshing native plugins compatible for Editor in 12.44 ms, found 4 plugins.
Preloading 0 native plugins for Editor in 0.00 ms.
Initialize engine version: 2022.3.10f1 (ff3792e53c62)
[Subsystems] Discovering subsystems at path C:/Program Files/Unity/Hub/Editor/2022.3.10f1/Editor/Data/Resources/UnitySubsystems
[Subsystems] Discovering subsystems at path C:/Users/alyss/OneDrive/AT Thru/Documents/GitHub/RomanceReborn/Assets
GfxDevice: creating device client; threaded=0; jobified=0
Direct3D:
    Version:  Direct3D 11.0 [level 11.1]
    Renderer: NVIDIA GeForce RTX 3050 Ti Laptop GPU (ID=0x25a0)
    Vendor:   NVIDIA
    VRAM:     3976 MB
    Driver:   31.0.15.3758
Initialize mono
Mono path[0] = 'C:/Program Files/Unity/Hub/Editor/2022.3.10f1/Editor/Data/Managed'
Mono path[1] = 'C:/Program Files/Unity/Hub/Editor/2022.3.10f1/Editor/Data/MonoBleedingEdge/lib/mono/unityjit-win32'
Mono config path = 'C:/Program Files/Unity/Hub/Editor/2022.3.10f1/Editor/Data/MonoBleedingEdge/etc'
Using monoOptions --debugger-agent=transport=dt_socket,embedding=1,server=y,suspend=n,address=127.0.0.1:56340
Begin MonoManager ReloadAssembly
Registering precompiled unity dll's ...
Register platform support module: C:/Program Files/Unity/Hub/Editor/2022.3.10f1/Editor/Data/PlaybackEngines/WindowsStandaloneSupport/UnityEditor.WindowsStandalone.Extensions.dll
Registered in 0.008807 seconds.
- Loaded All Assemblies, in  0.647 seconds
Native extension for WindowsStandalone target not found
Mono: successfully reloaded assembly
- Finished resetting the current domain, in  0.320 seconds
Domain Reload Profiling: 965ms
	BeginReloadAssembly (341ms)
		ExecutionOrderSort (0ms)
		DisableScriptedObjects (0ms)
		BackupInstance (0ms)
		ReleaseScriptingObjects (0ms)
		CreateAndSetChildDomain (1ms)
	RebuildCommonClasses (43ms)
	RebuildNativeTypeToScriptingClass (12ms)
	initialDomainReloadingComplete (71ms)
	LoadAllAssembliesAndSetupDomain (177ms)
		LoadAssemblies (339ms)
		RebuildTransferFunctionScriptingTraits (0ms)
		AnalyzeDomain (174ms)
			TypeCache.Refresh (172ms)
				TypeCache.ScanAssembly (155ms)
			ScanForSourceGeneratedMonoScriptInfo (1ms)
			ResolveRequiredComponents (1ms)
	FinalizeReload (321ms)
		ReleaseScriptCaches (0ms)
		RebuildScriptCaches (0ms)
		SetupLoadedEditorAssemblies (248ms)
			LogAssemblyErrors (0ms)
			InitializePlatformSupportModulesInManaged (14ms)
			SetLoadedEditorAssemblies (8ms)
			RefreshPlugins (0ms)
			BeforeProcessingInitializeOnLoad (2ms)
			ProcessInitializeOnLoadAttributes (166ms)
			ProcessInitializeOnLoadMethodAttributes (58ms)
			AfterProcessingInitializeOnLoad (0ms)
			EditorAssembliesLoaded (0ms)
		ExecutionOrderSort2 (0ms)
		AwakeInstancesAfterBackupRestoration (0ms)
========================================================================
Worker process is ready to serve import requests
Begin MonoManager ReloadAssembly
- Loaded All Assemblies, in  1.564 seconds
Refreshing native plugins compatible for Editor in 4.32 ms, found 4 plugins.
Native extension for WindowsStandalone target not found
Package Manager log level set to [2]
[Package Manager] Server::EnsureServerProcessIsRunning -- launch failed, reason: Unity was launched with the -noUpm command-line argument
[Package Manager] UpmClient::Send -- Unable to send message (not connected to UPM process).
[Package Manager] Cannot connect to Unity Package Manager local server
Mono: successfully reloaded assembly
- Finished resetting the current domain, in  0.692 seconds
Domain Reload Profiling: 2252ms
	BeginReloadAssembly (204ms)
		ExecutionOrderSort (0ms)
		DisableScriptedObjects (5ms)
		BackupInstance (0ms)
		ReleaseScriptingObjects (0ms)
		CreateAndSetChildDomain (27ms)
	RebuildCommonClasses (32ms)
	RebuildNativeTypeToScriptingClass (11ms)
	initialDomainReloadingComplete (55ms)
	LoadAllAssembliesAndSetupDomain (1257ms)
		LoadAssemblies (1079ms)
		RebuildTransferFunctionScriptingTraits (0ms)
		AnalyzeDomain (305ms)
			TypeCache.Refresh (267ms)
				TypeCache.ScanAssembly (247ms)
			ScanForSourceGeneratedMonoScriptInfo (27ms)
			ResolveRequiredComponents (10ms)
	FinalizeReload (693ms)
		ReleaseScriptCaches (0ms)
		RebuildScriptCaches (0ms)
		SetupLoadedEditorAssemblies (505ms)
			LogAssemblyErrors (0ms)
			InitializePlatformSupportModulesInManaged (6ms)
			SetLoadedEditorAssemblies (4ms)
			RefreshPlugins (0ms)
			BeforeProcessingInitializeOnLoad (79ms)
			ProcessInitializeOnLoadAttributes (364ms)
			ProcessInitializeOnLoadMethodAttributes (41ms)
			AfterProcessingInitializeOnLoad (10ms)
			EditorAssembliesLoaded (0ms)
		ExecutionOrderSort2 (0ms)
		AwakeInstancesAfterBackupRestoration (7ms)
Launched and connected shader compiler UnityShaderCompiler.exe after 0.07 seconds
Refreshing native plugins compatible for Editor in 10.12 ms, found 4 plugins.
Preloading 0 native plugins for Editor in 0.00 ms.
Unloading 4046 Unused Serialized files (Serialized files now loaded: 0)
Unloading 63 unused Assets / (60.9 KB). Loaded Objects now: 4509.
Memory consumption went from 138.0 MB to 138.0 MB.
Total: 8.747200 ms (FindLiveObjects: 0.657000 ms CreateObjectMapping: 0.378800 ms MarkObjects: 7.502700 ms  DeleteObjects: 0.207200 ms)

AssetImportParameters requested are different than current active one (requested -> active):
  custom:container-demuxer-ogg: 62fdf1f143b41e24485cea50d1cbac27 -> 
  custom:video-codec-MediaFoundation-h265: e54d7ab0439102e2317fc1e4b246158d -> 
  custom:video-decoder-ogg-theora: a1e56fd34408186e4bbccfd4996cb3dc -> 
  custom:framework-win-MediaFoundation: 216162199b28c13a410421893ffa2e32 -> 
  custom:CustomObjectIndexerAttribute: 756ad292c208cfabdd7b50bc23989ffe -> 
  custom:container-demuxer-webm: 4f35f7cbe854078d1ac9338744f61a02 -> 
  custom:container-muxer-webm: aa71ff27fc2769a1b78a27578f13a17b -> 
  custom:video-decoder-webm-vp8: 9c59270c3fd7afecdb556c50c9e8de78 -> 
  custom:SearchIndexIgnoredProperties: e643bd26f0fe6173181afceb89e7c659 -> 
  custom:AudioImporter_EditorPlatform: d09bf68614088b80899f8185d706f6e7 -> 
  custom:video-encoder-webm-vp8: eb34c28f22e8b96e1ab97ce403110664 -> 
  custom:audio-decoder-ogg-vorbis: bf7c407c2cedff20999df2af8eb42d56 -> 
  custom:audio-encoder-webm-vorbis: bf7c407c2cedff20999df2af8eb42d56 -> 
========================================================================
Received Import Request.
  Time since last request: 949526.268261 seconds.
  path: Assets/Resources/UI/Button/StartMenu/newgame_clicked.png
  artifactKey: Guid(34c57615c7d63f94aa0a05f82d8d17df) Importer(815301076,1909f56bfc062723c751e8b465ee728b)
Start importing Assets/Resources/UI/Button/StartMenu/newgame_clicked.png using Guid(34c57615c7d63f94aa0a05f82d8d17df) Importer(815301076,1909f56bfc062723c751e8b465ee728b)  -> (artifact id: '16b5a3882fa7b98c1dc04eefd3878b17') in 0.160274 seconds
Number of updated asset objects reloaded before import = 0
Number of asset objects unloaded after import = 3
========================================================================
Received Import Request.
  Time since last request: 0.000032 seconds.
  path: Assets/1121/phone/settings.png
  artifactKey: Guid(828980606d032b94a9098015c6d65f79) Importer(815301076,1909f56bfc062723c751e8b465ee728b)
Start importing Assets/1121/phone/settings.png using Guid(828980606d032b94a9098015c6d65f79) Importer(815301076,1909f56bfc062723c751e8b465ee728b)  -> (artifact id: 'a65a3bdf5477627fd0234a73a8a8ad7e') in 0.046691 seconds
Number of updated asset objects reloaded before import = 0
Number of asset objects unloaded after import = 3
========================================================================
Received Import Request.
  Time since last request: 0.000080 seconds.
  path: Assets/Resources/Character/Rina/Rina.png
  artifactKey: Guid(95730e64fd3386b4bb5be077107a35cb) Importer(815301076,1909f56bfc062723c751e8b465ee728b)
Start importing Assets/Resources/Character/Rina/Rina.png using Guid(95730e64fd3386b4bb5be077107a35cb) Importer(815301076,1909f56bfc062723c751e8b465ee728b)  -> (artifact id: '481ed9c10bc46046dc8e3235c0ac7cef') in 0.058340 seconds
Number of updated asset objects reloaded before import = 0
Number of asset objects unloaded after import = 3
========================================================================
Received Import Request.
  Time since last request: 0.000017 seconds.
  path: Assets/Resources/BGImage/Shop2ndFloor.jpeg
  artifactKey: Guid(10a7fcf10f329f246885b1adbfdc43a8) Importer(815301076,1909f56bfc062723c751e8b465ee728b)
Start importing Assets/Resources/BGImage/Shop2ndFloor.jpeg using Guid(10a7fcf10f329f246885b1adbfdc43a8) Importer(815301076,1909f56bfc062723c751e8b465ee728b)  -> (artifact id: 'c0ac1d476d12498f0b5ed7a70c09c206') in 0.081933 seconds
Number of updated asset objects reloaded before import = 0
Number of asset objects unloaded after import = 3
========================================================================
Received Import Request.
  Time since last request: 967.425038 seconds.
  path: Assets/Resources/Music/AngryZombie.wav
  artifactKey: Guid(3377099fff179974e8fa41af56ab97f8) Importer(815301076,1909f56bfc062723c751e8b465ee728b)
Start importing Assets/Resources/Music/AngryZombie.wav using Guid(3377099fff179974e8fa41af56ab97f8) Importer(815301076,1909f56bfc062723c751e8b465ee728b)  -> (artifact id: 'fafb46127763c5354fd7ca60f8ca08b6') in 0.055392 seconds
Number of updated asset objects reloaded before import = 0
Number of asset objects unloaded after import = 2
========================================================================
Received Import Request.
  Time since last request: 0.000280 seconds.
  path: Assets/Resources/Music/CellPhone.wav
  artifactKey: Guid(a00e2627c30152543ab3a83276e8962e) Importer(815301076,1909f56bfc062723c751e8b465ee728b)
Start importing Assets/Resources/Music/CellPhone.wav using Guid(a00e2627c30152543ab3a83276e8962e) Importer(815301076,1909f56bfc062723c751e8b465ee728b)  -> (artifact id: '4f2a3ab2c776a9feeaf7af27ed90d166') in 0.024293 seconds
Number of updated asset objects reloaded before import = 0
Number of asset objects unloaded after import = 2
========================================================================
Received Import Request.
  Time since last request: 0.000075 seconds.
  path: Assets/Resources/Music/itemInventor.wav
  artifactKey: Guid(884b95e52b7936942827c73bb06225b1) Importer(815301076,1909f56bfc062723c751e8b465ee728b)
Start importing Assets/Resources/Music/itemInventor.wav using Guid(884b95e52b7936942827c73bb06225b1) Importer(815301076,1909f56bfc062723c751e8b465ee728b)  -> (artifact id: '7d3f7525f24f5c0ddba1bcc6ff1c9722') in 0.018695 seconds
Number of updated asset objects reloaded before import = 0
Number of asset objects unloaded after import = 2
========================================================================
Received Import Request.
  Time since last request: 0.000022 seconds.
  path: Assets/Resources/Music/ProfileUpdate2.wav
  artifactKey: Guid(732c0a041ecc72d4ababb40e09503c05) Importer(815301076,1909f56bfc062723c751e8b465ee728b)
Start importing Assets/Resources/Music/ProfileUpdate2.wav using Guid(732c0a041ecc72d4ababb40e09503c05) Importer(815301076,1909f56bfc062723c751e8b465ee728b)  -> (artifact id: '69c4000e8aff47ba1ca2cc40e790e512') in 0.022752 seconds
Number of updated asset objects reloaded before import = 0
Number of asset objects unloaded after import = 2
========================================================================
Received Import Request.
  Time since last request: 0.000037 seconds.
  path: Assets/Resources/Music/ZombieBite2.wav
  artifactKey: Guid(d44a3f172befb4740a45cb420c43f056) Importer(815301076,1909f56bfc062723c751e8b465ee728b)
Start importing Assets/Resources/Music/ZombieBite2.wav using Guid(d44a3f172befb4740a45cb420c43f056) Importer(815301076,1909f56bfc062723c751e8b465ee728b)  -> (artifact id: '080664f5a1dcd36233d83e244d7543b8') in 0.022676 seconds
Number of updated asset objects reloaded before import = 0
Number of asset objects unloaded after import = 2
========================================================================
Received Import Request.
  Time since last request: 0.000037 seconds.
  path: Assets/Resources/Music/ZombieBite.wav
  artifactKey: Guid(75f8ab48e03ed5e46bb7b4f75712e71f) Importer(815301076,1909f56bfc062723c751e8b465ee728b)
Start importing Assets/Resources/Music/ZombieBite.wav using Guid(75f8ab48e03ed5e46bb7b4f75712e71f) Importer(815301076,1909f56bfc062723c751e8b465ee728b)  -> (artifact id: '2b4664e2ce16d4355b52a62173e9fe0b') in 0.017435 seconds
Number of updated asset objects reloaded before import = 0
Number of asset objects unloaded after import = 2
========================================================================
Received Import Request.
  Time since last request: 0.000018 seconds.
  path: Assets/Resources/Music/MainBGMusic.mp3
  artifactKey: Guid(c4617d740da14014fb0b0f96610c0966) Importer(815301076,1909f56bfc062723c751e8b465ee728b)
Start importing Assets/Resources/Music/MainBGMusic.mp3 using Guid(c4617d740da14014fb0b0f96610c0966) Importer(815301076,1909f56bfc062723c751e8b465ee728b)  -> (artifact id: 'd72c5e95edcb0eddb08b6fb42931a8dc') in 0.020269 seconds
Number of updated asset objects reloaded before import = 0
Number of asset objects unloaded after import = 2
========================================================================
Received Import Request.
  Time since last request: 0.000023 seconds.
  path: Assets/Resources/Music/Investigate.mp3
  artifactKey: Guid(f8d664fe9717bc445a329475ebdb4761) Importer(815301076,1909f56bfc062723c751e8b465ee728b)
Start importing Assets/Resources/Music/Investigate.mp3 using Guid(f8d664fe9717bc445a329475ebdb4761) Importer(815301076,1909f56bfc062723c751e8b465ee728b)  -> (artifact id: 'ba6a6863a1048b3c4a93058a67329c2d') in 0.020576 seconds
Number of updated asset objects reloaded before import = 0
Number of asset objects unloaded after import = 2
========================================================================
Received Import Request.
  Time since last request: 0.000024 seconds.
  path: Assets/Resources/Music/BatSwing.wav
  artifactKey: Guid(afb362b4a2cdf5141ac736619c53b597) Importer(815301076,1909f56bfc062723c751e8b465ee728b)
Start importing Assets/Resources/Music/BatSwing.wav using Guid(afb362b4a2cdf5141ac736619c53b597) Importer(815301076,1909f56bfc062723c751e8b465ee728b)  -> (artifact id: '8d61648ad7261219b318ea779e63733c') in 0.018661 seconds
Number of updated asset objects reloaded before import = 0
Number of asset objects unloaded after import = 2
========================================================================
Received Import Request.
  Time since last request: 0.000015 seconds.
  path: Assets/Resources/Music/TrailerMusic.mp3
  artifactKey: Guid(b54e0abb076319c4cbe66e6269ce6a84) Importer(815301076,1909f56bfc062723c751e8b465ee728b)
Start importing Assets/Resources/Music/TrailerMusic.mp3 using Guid(b54e0abb076319c4cbe66e6269ce6a84) Importer(815301076,1909f56bfc062723c751e8b465ee728b)  -> (artifact id: '03e940597b5a26fc17934fad8e0f929f') in 0.019197 seconds
Number of updated asset objects reloaded before import = 0
Number of asset objects unloaded after import = 2
========================================================================
Received Import Request.
  Time since last request: 0.000030 seconds.
  path: Assets/Resources/Music/zombie.wav
  artifactKey: Guid(0d5575f6c5b7ceb47a86245b6cee7896) Importer(815301076,1909f56bfc062723c751e8b465ee728b)
Start importing Assets/Resources/Music/zombie.wav using Guid(0d5575f6c5b7ceb47a86245b6cee7896) Importer(815301076,1909f56bfc062723c751e8b465ee728b)  -> (artifact id: '5047e51dc80e252304d2d97f98f19cd5') in 0.016848 seconds
Number of updated asset objects reloaded before import = 0
Number of asset objects unloaded after import = 2
========================================================================
Received Import Request.
  Time since last request: 0.000031 seconds.
  path: Assets/Resources/Music/ZombieBreakinHome.wav
  artifactKey: Guid(c2fd7bb8ca60ba34b854aa73cee0472e) Importer(815301076,1909f56bfc062723c751e8b465ee728b)
Start importing Assets/Resources/Music/ZombieBreakinHome.wav using Guid(c2fd7bb8ca60ba34b854aa73cee0472e) Importer(815301076,1909f56bfc062723c751e8b465ee728b)  -> (artifact id: '50501dbff231f7adc75ab3eba84cff87') in 0.016488 seconds
Number of updated asset objects reloaded before import = 0
Number of asset objects unloaded after import = 2
========================================================================
Received Import Request.
  Time since last request: 0.000032 seconds.
  path: Assets/Resources/Music/MainBGMusic2.mp3
  artifactKey: Guid(9720a3d369bc90642aa66221b3c9862b) Importer(815301076,1909f56bfc062723c751e8b465ee728b)
Start importing Assets/Resources/Music/MainBGMusic2.mp3 using Guid(9720a3d369bc90642aa66221b3c9862b) Importer(815301076,1909f56bfc062723c751e8b465ee728b)  -> (artifact id: 'b567a863da1322e034d5e551f47b6b76') in 0.020654 seconds
Number of updated asset objects reloaded before import = 0
Number of asset objects unloaded after import = 2
========================================================================
Received Import Request.
  Time since last request: 0.000027 seconds.
  path: Assets/Resources/Music/GameOverMusic.mp3
  artifactKey: Guid(fc6a1fb753f6ff940b1d98893ca918ac) Importer(815301076,1909f56bfc062723c751e8b465ee728b)
Start importing Assets/Resources/Music/GameOverMusic.mp3 using Guid(fc6a1fb753f6ff940b1d98893ca918ac) Importer(815301076,1909f56bfc062723c751e8b465ee728b)  -> (artifact id: 'd317c5ac2188948dc72410299eb8f96a') in 0.019051 seconds
Number of updated asset objects reloaded before import = 0
Number of asset objects unloaded after import = 2
========================================================================
Received Import Request.
  Time since last request: 0.000021 seconds.
  path: Assets/Resources/Music/ZombeSound.wav
  artifactKey: Guid(c351849c9830e7f43bed2107a7848334) Importer(815301076,1909f56bfc062723c751e8b465ee728b)
Start importing Assets/Resources/Music/ZombeSound.wav using Guid(c351849c9830e7f43bed2107a7848334) Importer(815301076,1909f56bfc062723c751e8b465ee728b)  -> (artifact id: 'eb447a8415c8311d29bdb38b90f531e5') in 0.014935 seconds
Number of updated asset objects reloaded before import = 0
Number of asset objects unloaded after import = 2
========================================================================
Received Import Request.
  Time since last request: 0.000015 seconds.
  path: Assets/Resources/Music/Zombie.mp3
  artifactKey: Guid(7b5bebced3b14ec40b0b8f4ea23e6091) Importer(815301076,1909f56bfc062723c751e8b465ee728b)
Start importing Assets/Resources/Music/Zombie.mp3 using Guid(7b5bebced3b14ec40b0b8f4ea23e6091) Importer(815301076,1909f56bfc062723c751e8b465ee728b)  -> (artifact id: 'dfbffd520f8bc0649ab29f239ba9ae23') in 0.017839 seconds
Number of updated asset objects reloaded before import = 0
Number of asset objects unloaded after import = 2
========================================================================
Received Import Request.
  Time since last request: 0.000069 seconds.
  path: Assets/Resources/Music/PlasticChickenItem.wav
  artifactKey: Guid(9db930062e86953448fc24d552048b3b) Importer(815301076,1909f56bfc062723c751e8b465ee728b)
Start importing Assets/Resources/Music/PlasticChickenItem.wav using Guid(9db930062e86953448fc24d552048b3b) Importer(815301076,1909f56bfc062723c751e8b465ee728b)  -> (artifact id: '7e8ae8b8f21642696cadf61ea9eda10c') in 0.017609 seconds
Number of updated asset objects reloaded before import = 0
Number of asset objects unloaded after import = 2
========================================================================
Received Import Request.
  Time since last request: 0.000023 seconds.
  path: Assets/Resources/Music/TrailerMusic2.mp3
  artifactKey: Guid(0ee0aca65e7a01541bd0e44c4ef45465) Importer(815301076,1909f56bfc062723c751e8b465ee728b)
Start importing Assets/Resources/Music/TrailerMusic2.mp3 using Guid(0ee0aca65e7a01541bd0e44c4ef45465) Importer(815301076,1909f56bfc062723c751e8b465ee728b)  -> (artifact id: 'f328c5c3cc88920689e3049fc7f690a4') in 0.016813 seconds
Number of updated asset objects reloaded before import = 0
Number of asset objects unloaded after import = 2
========================================================================
Received Import Request.
  Time since last request: 0.000020 seconds.
  path: Assets/Resources/Music/characterlaughing.wav
  artifactKey: Guid(f0a016932b186eb449fbda9092b959ac) Importer(815301076,1909f56bfc062723c751e8b465ee728b)
Start importing Assets/Resources/Music/characterlaughing.wav using Guid(f0a016932b186eb449fbda9092b959ac) Importer(815301076,1909f56bfc062723c751e8b465ee728b)  -> (artifact id: 'd5e96277964babb49aaa301c46dae7be') in 0.018776 seconds
Number of updated asset objects reloaded before import = 0
Number of asset objects unloaded after import = 2
========================================================================
Received Import Request.
  Time since last request: 0.000023 seconds.
  path: Assets/Resources/Music/chickenSound2.wav
  artifactKey: Guid(6de09cff1a1d5a54ea2e34f10068a7b5) Importer(815301076,1909f56bfc062723c751e8b465ee728b)
Start importing Assets/Resources/Music/chickenSound2.wav using Guid(6de09cff1a1d5a54ea2e34f10068a7b5) Importer(815301076,1909f56bfc062723c751e8b465ee728b)  -> (artifact id: 'fd482d954e5d69083d6fc7aae0c20ac3') in 0.022507 seconds
Number of updated asset objects reloaded before import = 0
Number of asset objects unloaded after import = 2
Editor requested this worker to shutdown with reason: Scaling down because of idle timeout
TcpMessagingSession - receive error: operation aborted. errorcode: 995, details: The I/O operation has been aborted because of either a thread exit or an application request.
AssetImportWorker is now disconnected from the server
Process exiting
Exiting without the bug reporter. Application will terminate with return code 0