Using pre-set license
Built from '2022.3/staging' branch; Version is '2022.3.10f1 (ff3792e53c62) revision 16725906'; Using compiler version '192829333'; Build Type 'Release'
OS: 'Windows 11  (10.0.22621) 64bit Core' Language: 'en' Physical Memory: 16051 MB
BatchMode: 1, IsHumanControllingUs: 0, StartBugReporterOnCrash: 0, Is64bit: 1, IsPro: 1

COMMAND LINE ARGUMENTS:
C:\Program Files\Unity\Hub\Editor\2022.3.10f1\Editor\Unity.exe
-adb2
-batchMode
-noUpm
-name
AssetImportWorker3
-projectPath
C:/Users/alyss/OneDrive/AT Thru/Documents/GitHub/RomanceReborn
-logFile
Logs/AssetImportWorker3.log
-srvPort
55137
Successfully changed project path to: C:/Users/alyss/OneDrive/AT Thru/Documents/GitHub/RomanceReborn
C:/Users/alyss/OneDrive/AT Thru/Documents/GitHub/RomanceReborn
[UnityMemory] Configuration Parameters - Can be set up in boot.config
    "memorysetup-bucket-allocator-granularity=16"
    "memorysetup-bucket-allocator-bucket-count=8"
    "memorysetup-bucket-allocator-block-size=33554432"
    "memorysetup-bucket-allocator-block-count=8"
    "memorysetup-main-allocator-block-size=16777216"
    "memorysetup-thread-allocator-block-size=16777216"
    "memorysetup-gfx-main-allocator-block-size=16777216"
    "memorysetup-gfx-thread-allocator-block-size=16777216"
    "memorysetup-cache-allocator-block-size=4194304"
    "memorysetup-typetree-allocator-block-size=2097152"
    "memorysetup-profiler-bucket-allocator-granularity=16"
    "memorysetup-profiler-bucket-allocator-bucket-count=8"
    "memorysetup-profiler-bucket-allocator-block-size=33554432"
    "memorysetup-profiler-bucket-allocator-block-count=8"
    "memorysetup-profiler-allocator-block-size=16777216"
    "memorysetup-profiler-editor-allocator-block-size=1048576"
    "memorysetup-temp-allocator-size-main=16777216"
    "memorysetup-job-temp-allocator-block-size=2097152"
    "memorysetup-job-temp-allocator-block-size-background=1048576"
    "memorysetup-job-temp-allocator-reduction-small-platforms=262144"
    "memorysetup-allocator-temp-initial-block-size-main=262144"
    "memorysetup-allocator-temp-initial-block-size-worker=262144"
    "memorysetup-temp-allocator-size-background-worker=32768"
    "memorysetup-temp-allocator-size-job-worker=262144"
    "memorysetup-temp-allocator-size-preload-manager=33554432"
    "memorysetup-temp-allocator-size-nav-mesh-worker=65536"
    "memorysetup-temp-allocator-size-audio-worker=65536"
    "memorysetup-temp-allocator-size-cloud-worker=32768"
    "memorysetup-temp-allocator-size-gi-baking-worker=262144"
    "memorysetup-temp-allocator-size-gfx=262144"
Player connection [12968] Host "[IP] 192.168.1.171 [Port] 0 [Flags] 2 [Guid] 2540441899 [EditorId] 2540441899 [Version] 1048832 [Id] WindowsEditor(7,AlyssaPC) [Debug] 1 [PackageName] WindowsEditor [ProjectName] Editor" joined multi-casting on [225.0.0.222:54997]...

Player connection [12968] Host "[IP] 192.168.1.171 [Port] 0 [Flags] 2 [Guid] 2540441899 [EditorId] 2540441899 [Version] 1048832 [Id] WindowsEditor(7,AlyssaPC) [Debug] 1 [PackageName] WindowsEditor [ProjectName] Editor" joined alternative multi-casting on [225.0.0.222:34997]...

[Physics::Module] Initialized MultithreadedJobDispatcher with 19 workers.
Refreshing native plugins compatible for Editor in 7.44 ms, found 4 plugins.
Preloading 0 native plugins for Editor in 0.00 ms.
Initialize engine version: 2022.3.10f1 (ff3792e53c62)
[Subsystems] Discovering subsystems at path C:/Program Files/Unity/Hub/Editor/2022.3.10f1/Editor/Data/Resources/UnitySubsystems
[Subsystems] Discovering subsystems at path C:/Users/alyss/OneDrive/AT Thru/Documents/GitHub/RomanceReborn/Assets
GfxDevice: creating device client; threaded=0; jobified=0
Direct3D:
    Version:  Direct3D 11.0 [level 11.1]
    Renderer: NVIDIA GeForce RTX 3050 Ti Laptop GPU (ID=0x25a0)
    Vendor:   NVIDIA
    VRAM:     3976 MB
    Driver:   31.0.15.3758
Initialize mono
Mono path[0] = 'C:/Program Files/Unity/Hub/Editor/2022.3.10f1/Editor/Data/Managed'
Mono path[1] = 'C:/Program Files/Unity/Hub/Editor/2022.3.10f1/Editor/Data/MonoBleedingEdge/lib/mono/unityjit-win32'
Mono config path = 'C:/Program Files/Unity/Hub/Editor/2022.3.10f1/Editor/Data/MonoBleedingEdge/etc'
Using monoOptions --debugger-agent=transport=dt_socket,embedding=1,server=y,suspend=n,address=127.0.0.1:56728
Begin MonoManager ReloadAssembly
Registering precompiled unity dll's ...
Register platform support module: C:/Program Files/Unity/Hub/Editor/2022.3.10f1/Editor/Data/PlaybackEngines/WindowsStandaloneSupport/UnityEditor.WindowsStandalone.Extensions.dll
Registered in 0.004512 seconds.
- Loaded All Assemblies, in  0.263 seconds
Native extension for WindowsStandalone target not found
Mono: successfully reloaded assembly
- Finished resetting the current domain, in  0.191 seconds
Domain Reload Profiling: 453ms
	BeginReloadAssembly (84ms)
		ExecutionOrderSort (0ms)
		DisableScriptedObjects (0ms)
		BackupInstance (0ms)
		ReleaseScriptingObjects (0ms)
		CreateAndSetChildDomain (1ms)
	RebuildCommonClasses (27ms)
	RebuildNativeTypeToScriptingClass (8ms)
	initialDomainReloadingComplete (42ms)
	LoadAllAssembliesAndSetupDomain (101ms)
		LoadAssemblies (82ms)
		RebuildTransferFunctionScriptingTraits (0ms)
		AnalyzeDomain (100ms)
			TypeCache.Refresh (99ms)
				TypeCache.ScanAssembly (88ms)
			ScanForSourceGeneratedMonoScriptInfo (0ms)
			ResolveRequiredComponents (0ms)
	FinalizeReload (191ms)
		ReleaseScriptCaches (0ms)
		RebuildScriptCaches (0ms)
		SetupLoadedEditorAssemblies (148ms)
			LogAssemblyErrors (0ms)
			InitializePlatformSupportModulesInManaged (7ms)
			SetLoadedEditorAssemblies (6ms)
			RefreshPlugins (0ms)
			BeforeProcessingInitializeOnLoad (2ms)
			ProcessInitializeOnLoadAttributes (97ms)
			ProcessInitializeOnLoadMethodAttributes (35ms)
			AfterProcessingInitializeOnLoad (0ms)
			EditorAssembliesLoaded (0ms)
		ExecutionOrderSort2 (0ms)
		AwakeInstancesAfterBackupRestoration (0ms)
========================================================================
Worker process is ready to serve import requests
Begin MonoManager ReloadAssembly
- Loaded All Assemblies, in  0.507 seconds
Refreshing native plugins compatible for Editor in 3.16 ms, found 4 plugins.
Native extension for WindowsStandalone target not found
Package Manager log level set to [2]
[Package Manager] Server::EnsureServerProcessIsRunning -- launch failed, reason: Unity was launched with the -noUpm command-line argument
[Package Manager] UpmClient::Send -- Unable to send message (not connected to UPM process).
[Package Manager] Cannot connect to Unity Package Manager local server
Mono: successfully reloaded assembly
- Finished resetting the current domain, in  0.466 seconds
Domain Reload Profiling: 970ms
	BeginReloadAssembly (106ms)
		ExecutionOrderSort (0ms)
		DisableScriptedObjects (4ms)
		BackupInstance (0ms)
		ReleaseScriptingObjects (0ms)
		CreateAndSetChildDomain (17ms)
	RebuildCommonClasses (22ms)
	RebuildNativeTypeToScriptingClass (7ms)
	initialDomainReloadingComplete (28ms)
	LoadAllAssembliesAndSetupDomain (339ms)
		LoadAssemblies (274ms)
		RebuildTransferFunctionScriptingTraits (0ms)
		AnalyzeDomain (124ms)
			TypeCache.Refresh (101ms)
				TypeCache.ScanAssembly (90ms)
			ScanForSourceGeneratedMonoScriptInfo (15ms)
			ResolveRequiredComponents (7ms)
	FinalizeReload (466ms)
		ReleaseScriptCaches (0ms)
		RebuildScriptCaches (0ms)
		SetupLoadedEditorAssemblies (353ms)
			LogAssemblyErrors (0ms)
			InitializePlatformSupportModulesInManaged (4ms)
			SetLoadedEditorAssemblies (2ms)
			RefreshPlugins (0ms)
			BeforeProcessingInitializeOnLoad (55ms)
			ProcessInitializeOnLoadAttributes (257ms)
			ProcessInitializeOnLoadMethodAttributes (29ms)
			AfterProcessingInitializeOnLoad (6ms)
			EditorAssembliesLoaded (0ms)
		ExecutionOrderSort2 (0ms)
		AwakeInstancesAfterBackupRestoration (5ms)
Launched and connected shader compiler UnityShaderCompiler.exe after 0.05 seconds
Refreshing native plugins compatible for Editor in 3.07 ms, found 4 plugins.
Preloading 0 native plugins for Editor in 0.00 ms.
Unloading 4046 Unused Serialized files (Serialized files now loaded: 0)
Unloading 63 unused Assets / (60.9 KB). Loaded Objects now: 4509.
Memory consumption went from 137.9 MB to 137.8 MB.
Total: 2.930000 ms (FindLiveObjects: 0.203100 ms CreateObjectMapping: 0.111700 ms MarkObjects: 2.512200 ms  DeleteObjects: 0.101900 ms)

AssetImportParameters requested are different than current active one (requested -> active):
  custom:container-demuxer-ogg: 62fdf1f143b41e24485cea50d1cbac27 -> 
  custom:video-codec-MediaFoundation-h265: e54d7ab0439102e2317fc1e4b246158d -> 
  custom:video-decoder-ogg-theora: a1e56fd34408186e4bbccfd4996cb3dc -> 
  custom:framework-win-MediaFoundation: 216162199b28c13a410421893ffa2e32 -> 
  custom:CustomObjectIndexerAttribute: 756ad292c208cfabdd7b50bc23989ffe -> 
  custom:container-demuxer-webm: 4f35f7cbe854078d1ac9338744f61a02 -> 
  custom:container-muxer-webm: aa71ff27fc2769a1b78a27578f13a17b -> 
  custom:video-decoder-webm-vp8: 9c59270c3fd7afecdb556c50c9e8de78 -> 
  custom:SearchIndexIgnoredProperties: e643bd26f0fe6173181afceb89e7c659 -> 
  custom:AudioImporter_EditorPlatform: d09bf68614088b80899f8185d706f6e7 -> 
  custom:video-encoder-webm-vp8: eb34c28f22e8b96e1ab97ce403110664 -> 
  custom:audio-decoder-ogg-vorbis: bf7c407c2cedff20999df2af8eb42d56 -> 
  custom:audio-encoder-webm-vorbis: bf7c407c2cedff20999df2af8eb42d56 -> 
========================================================================
Received Prepare
Begin MonoManager ReloadAssembly
- Loaded All Assemblies, in  0.389 seconds
Refreshing native plugins compatible for Editor in 4.03 ms, found 4 plugins.
Native extension for WindowsStandalone target not found
[Package Manager] Server::EnsureServerProcessIsRunning -- launch failed, reason: Unity was launched with the -noUpm command-line argument
[Package Manager] UpmClient::Send -- Unable to send message (not connected to UPM process).
[Package Manager] Cannot connect to Unity Package Manager local server
Mono: successfully reloaded assembly
- Finished resetting the current domain, in  0.790 seconds
Domain Reload Profiling: 1177ms
	BeginReloadAssembly (137ms)
		ExecutionOrderSort (0ms)
		DisableScriptedObjects (9ms)
		BackupInstance (0ms)
		ReleaseScriptingObjects (0ms)
		CreateAndSetChildDomain (28ms)
	RebuildCommonClasses (38ms)
	RebuildNativeTypeToScriptingClass (9ms)
	initialDomainReloadingComplete (24ms)
	LoadAllAssembliesAndSetupDomain (179ms)
		LoadAssemblies (239ms)
		RebuildTransferFunctionScriptingTraits (0ms)
		AnalyzeDomain (14ms)
			TypeCache.Refresh (6ms)
				TypeCache.ScanAssembly (0ms)
			ScanForSourceGeneratedMonoScriptInfo (0ms)
			ResolveRequiredComponents (7ms)
	FinalizeReload (791ms)
		ReleaseScriptCaches (0ms)
		RebuildScriptCaches (0ms)
		SetupLoadedEditorAssemblies (387ms)
			LogAssemblyErrors (0ms)
			InitializePlatformSupportModulesInManaged (4ms)
			SetLoadedEditorAssemblies (3ms)
			RefreshPlugins (0ms)
			BeforeProcessingInitializeOnLoad (63ms)
			ProcessInitializeOnLoadAttributes (280ms)
			ProcessInitializeOnLoadMethodAttributes (31ms)
			AfterProcessingInitializeOnLoad (6ms)
			EditorAssembliesLoaded (0ms)
		ExecutionOrderSort2 (0ms)
		AwakeInstancesAfterBackupRestoration (12ms)
Refreshing native plugins compatible for Editor in 3.80 ms, found 4 plugins.
Preloading 0 native plugins for Editor in 0.00 ms.
Unloading 4035 Unused Serialized files (Serialized files now loaded: 0)
Unloading 35 unused Assets / (34.6 KB). Loaded Objects now: 4514.
Memory consumption went from 135.1 MB to 135.1 MB.
Total: 3.882600 ms (FindLiveObjects: 0.357400 ms CreateObjectMapping: 0.170700 ms MarkObjects: 3.294700 ms  DeleteObjects: 0.058300 ms)

Prepare: number of updated asset objects reloaded= 0
AssetImportParameters requested are different than current active one (requested -> active):
  custom:container-demuxer-ogg: 62fdf1f143b41e24485cea50d1cbac27 -> 
  custom:video-codec-MediaFoundation-h265: e54d7ab0439102e2317fc1e4b246158d -> 
  custom:video-decoder-ogg-theora: a1e56fd34408186e4bbccfd4996cb3dc -> 
  custom:framework-win-MediaFoundation: 216162199b28c13a410421893ffa2e32 -> 
  custom:CustomObjectIndexerAttribute: 756ad292c208cfabdd7b50bc23989ffe -> 
  custom:container-demuxer-webm: 4f35f7cbe854078d1ac9338744f61a02 -> 
  custom:container-muxer-webm: aa71ff27fc2769a1b78a27578f13a17b -> 
  custom:video-decoder-webm-vp8: 9c59270c3fd7afecdb556c50c9e8de78 -> 
  custom:SearchIndexIgnoredProperties: e643bd26f0fe6173181afceb89e7c659 -> 
  custom:AudioImporter_EditorPlatform: d09bf68614088b80899f8185d706f6e7 -> 
  custom:video-encoder-webm-vp8: eb34c28f22e8b96e1ab97ce403110664 -> 
  custom:audio-decoder-ogg-vorbis: bf7c407c2cedff20999df2af8eb42d56 -> 
  custom:audio-encoder-webm-vorbis: bf7c407c2cedff20999df2af8eb42d56 -> 
========================================================================
Received Import Request.
  Time since last request: 949518.834130 seconds.
  path: Assets/Resources/BGImage/screen/12pm_death_blood/2.png
  artifactKey: Guid(d81f7dec373007e48bc79d432c387f94) Importer(815301076,1909f56bfc062723c751e8b465ee728b)
Start importing Assets/Resources/BGImage/screen/12pm_death_blood/2.png using Guid(d81f7dec373007e48bc79d432c387f94) Importer(815301076,1909f56bfc062723c751e8b465ee728b)  -> (artifact id: '0905e563f98594f624a0c27a3f4e4e77') in 0.139426 seconds
Number of updated asset objects reloaded before import = 0
Number of asset objects unloaded after import = 3
========================================================================
Received Import Request.
  Time since last request: 0.000027 seconds.
  path: Assets/Resources/Character/Chaerin/Chaerin_hairUp.png
  artifactKey: Guid(36fddf5f6bcdd2047b8c6187f0232b67) Importer(815301076,1909f56bfc062723c751e8b465ee728b)
Start importing Assets/Resources/Character/Chaerin/Chaerin_hairUp.png using Guid(36fddf5f6bcdd2047b8c6187f0232b67) Importer(815301076,1909f56bfc062723c751e8b465ee728b)  -> (artifact id: '92dcf700aed89789f7e9465b696d4c2e') in 0.036802 seconds
Number of updated asset objects reloaded before import = 0
Number of asset objects unloaded after import = 3
========================================================================
Received Import Request.
  Time since last request: 0.000043 seconds.
  path: Assets/1121/phone/back.PNG
  artifactKey: Guid(9cdc62198658ef14e803f14c00324684) Importer(815301076,1909f56bfc062723c751e8b465ee728b)
Start importing Assets/1121/phone/back.PNG using Guid(9cdc62198658ef14e803f14c00324684) Importer(815301076,1909f56bfc062723c751e8b465ee728b)  -> (artifact id: '7dcfee20f7a1dd05982e47bd228985b5') in 0.030542 seconds
Number of updated asset objects reloaded before import = 0
Number of asset objects unloaded after import = 3
========================================================================
Received Import Request.
  Time since last request: 0.000048 seconds.
  path: Assets/Resources/Character/Jeha/Jeha_zombie.png
  artifactKey: Guid(2d71699b04bbaa44c94705a0375faa63) Importer(815301076,1909f56bfc062723c751e8b465ee728b)
Start importing Assets/Resources/Character/Jeha/Jeha_zombie.png using Guid(2d71699b04bbaa44c94705a0375faa63) Importer(815301076,1909f56bfc062723c751e8b465ee728b)  -> (artifact id: '86dce0738341b6eb1b13a29b27414573') in 0.037132 seconds
Number of updated asset objects reloaded before import = 0
Number of asset objects unloaded after import = 3
========================================================================
Received Import Request.
  Time since last request: 0.000021 seconds.
  path: Assets/Resources/Character/Jeha/Jeha_zombie_2.png
  artifactKey: Guid(d1f72a31f4a86e34ba9ceb8ce9ea3317) Importer(815301076,1909f56bfc062723c751e8b465ee728b)
Start importing Assets/Resources/Character/Jeha/Jeha_zombie_2.png using Guid(d1f72a31f4a86e34ba9ceb8ce9ea3317) Importer(815301076,1909f56bfc062723c751e8b465ee728b)  -> (artifact id: '9b29a2bdfde298f2ca08459b35f65ca2') in 0.053748 seconds
Number of updated asset objects reloaded before import = 0
Number of asset objects unloaded after import = 3
========================================================================
Received Import Request.
  Time since last request: 0.000025 seconds.
  path: Assets/1121/choice box/choicebox_default.png
  artifactKey: Guid(9aaf8441fe5164443a4f613a0b3dcb74) Importer(815301076,1909f56bfc062723c751e8b465ee728b)
Start importing Assets/1121/choice box/choicebox_default.png using Guid(9aaf8441fe5164443a4f613a0b3dcb74) Importer(815301076,1909f56bfc062723c751e8b465ee728b)  -> (artifact id: '251d6f2741ceb6de4bfc497d46a24194') in 0.026405 seconds
Number of updated asset objects reloaded before import = 0
Number of asset objects unloaded after import = 3
========================================================================
Received Import Request.
  Time since last request: 0.000021 seconds.
  path: Assets/Resources/Character/Chaerin/Chaerin_hairUp_gym.png
  artifactKey: Guid(92f8107ac96195542842ce0bf26dd185) Importer(815301076,1909f56bfc062723c751e8b465ee728b)
Start importing Assets/Resources/Character/Chaerin/Chaerin_hairUp_gym.png using Guid(92f8107ac96195542842ce0bf26dd185) Importer(815301076,1909f56bfc062723c751e8b465ee728b)  -> (artifact id: '1330bb8c77301ffa2a24f1d8e4cc9fe8') in 0.036321 seconds
Number of updated asset objects reloaded before import = 0
Number of asset objects unloaded after import = 3
========================================================================
Received Import Request.
  Time since last request: 0.000037 seconds.
  path: Assets/Resources/UI/Button/StartMenu/load_clicked.png
  artifactKey: Guid(0263534c0877ebe4cb01a6b5baa3e37e) Importer(815301076,1909f56bfc062723c751e8b465ee728b)
Start importing Assets/Resources/UI/Button/StartMenu/load_clicked.png using Guid(0263534c0877ebe4cb01a6b5baa3e37e) Importer(815301076,1909f56bfc062723c751e8b465ee728b)  -> (artifact id: '38c913001ea165f8ea40493d99fc00d6') in 0.033897 seconds
Number of updated asset objects reloaded before import = 0
Number of asset objects unloaded after import = 3
========================================================================
Received Import Request.
  Time since last request: 0.000021 seconds.
  path: Assets/1121/map/Chaerin _icon.png
  artifactKey: Guid(e7e1ea3fdae78864894dbefd84d1482f) Importer(815301076,1909f56bfc062723c751e8b465ee728b)
Start importing Assets/1121/map/Chaerin _icon.png using Guid(e7e1ea3fdae78864894dbefd84d1482f) Importer(815301076,1909f56bfc062723c751e8b465ee728b)  -> (artifact id: '2ac7fdb8592c38b1d9f50f7f5008002e') in 0.037037 seconds
Number of updated asset objects reloaded before import = 0
Number of asset objects unloaded after import = 3
========================================================================
Received Import Request.
  Time since last request: 0.000035 seconds.
  path: Assets/1121/phone/contacts.png
  artifactKey: Guid(075f9a2c1f028af4b93e50f88e02a939) Importer(815301076,1909f56bfc062723c751e8b465ee728b)
Start importing Assets/1121/phone/contacts.png using Guid(075f9a2c1f028af4b93e50f88e02a939) Importer(815301076,1909f56bfc062723c751e8b465ee728b)  -> (artifact id: '67269d2fe61b0dd4d83f39ede0133fd7') in 0.035573 seconds
Number of updated asset objects reloaded before import = 0
Number of asset objects unloaded after import = 3
========================================================================
Received Import Request.
  Time since last request: 0.000031 seconds.
  path: Assets/Resources/BGImage/Bedroom_morn.png
  artifactKey: Guid(64b37c186189eb443bf577f501ecc3fc) Importer(815301076,1909f56bfc062723c751e8b465ee728b)
Start importing Assets/Resources/BGImage/Bedroom_morn.png using Guid(64b37c186189eb443bf577f501ecc3fc) Importer(815301076,1909f56bfc062723c751e8b465ee728b)  -> (artifact id: '3c1f1b768ba75227a1eb4abd299a65d1') in 0.031228 seconds
Number of updated asset objects reloaded before import = 0
Number of asset objects unloaded after import = 3
========================================================================
Received Import Request.
  Time since last request: 0.000035 seconds.
  path: Assets/Resources/BGImage/BusStop.jpeg
  artifactKey: Guid(0b7d6a6cedd4d8747be6a93332d8c4fd) Importer(815301076,1909f56bfc062723c751e8b465ee728b)
Start importing Assets/Resources/BGImage/BusStop.jpeg using Guid(0b7d6a6cedd4d8747be6a93332d8c4fd) Importer(815301076,1909f56bfc062723c751e8b465ee728b)  -> (artifact id: '2ae5bd99b91bf658941e6c191be0ddb1') in 0.055566 seconds
Number of updated asset objects reloaded before import = 0
Number of asset objects unloaded after import = 3
========================================================================
Received Import Request.
  Time since last request: 0.000028 seconds.
  path: Assets/Resources/Character/Chaerin/Chaerin_hairUp_uniform.png
  artifactKey: Guid(15c033e563c5384498ee0b832072a6a9) Importer(815301076,1909f56bfc062723c751e8b465ee728b)
Start importing Assets/Resources/Character/Chaerin/Chaerin_hairUp_uniform.png using Guid(15c033e563c5384498ee0b832072a6a9) Importer(815301076,1909f56bfc062723c751e8b465ee728b)  -> (artifact id: '5ca6742eef090a0f52c05f7444c9af86') in 0.033475 seconds
Number of updated asset objects reloaded before import = 0
Number of asset objects unloaded after import = 3
========================================================================
Received Import Request.
  Time since last request: 0.000022 seconds.
  path: Assets/Resources/BGImage/screen/12pm_death_blood/4.png
  artifactKey: Guid(670404fbfeb53c343b37c693e1c34436) Importer(815301076,1909f56bfc062723c751e8b465ee728b)
Start importing Assets/Resources/BGImage/screen/12pm_death_blood/4.png using Guid(670404fbfeb53c343b37c693e1c34436) Importer(815301076,1909f56bfc062723c751e8b465ee728b)  -> (artifact id: '7585ffd533526e19d4dd5c8f11b111b3') in 0.038204 seconds
Number of updated asset objects reloaded before import = 0
Number of asset objects unloaded after import = 3
========================================================================
Received Import Request.
  Time since last request: 0.000024 seconds.
  path: Assets/1121/choice box/choicebox_clicked.png
  artifactKey: Guid(cc33dcadebfc51a43a65fae327becb06) Importer(815301076,1909f56bfc062723c751e8b465ee728b)
Start importing Assets/1121/choice box/choicebox_clicked.png using Guid(cc33dcadebfc51a43a65fae327becb06) Importer(815301076,1909f56bfc062723c751e8b465ee728b)  -> (artifact id: '8ddce8fe63bdd5701b038e915648bb48') in 0.025968 seconds
Number of updated asset objects reloaded before import = 0
Number of asset objects unloaded after import = 3
========================================================================
Received Import Request.
  Time since last request: 0.000030 seconds.
  path: Assets/Resources/Character/Jeha/Jeha_transition_1.png
  artifactKey: Guid(b0aef4f08e9709040b351b7c04030236) Importer(815301076,1909f56bfc062723c751e8b465ee728b)
Start importing Assets/Resources/Character/Jeha/Jeha_transition_1.png using Guid(b0aef4f08e9709040b351b7c04030236) Importer(815301076,1909f56bfc062723c751e8b465ee728b)  -> (artifact id: 'f008f74e454fe14a66df2029ca37616d') in 0.053201 seconds
Number of updated asset objects reloaded before import = 0
Number of asset objects unloaded after import = 3
========================================================================
Received Import Request.
  Time since last request: 0.000037 seconds.
  path: Assets/Resources/Character/Chaerin/Chaerin_1.png
  artifactKey: Guid(288744f896487b448825a684b38a0c23) Importer(815301076,1909f56bfc062723c751e8b465ee728b)
Start importing Assets/Resources/Character/Chaerin/Chaerin_1.png using Guid(288744f896487b448825a684b38a0c23) Importer(815301076,1909f56bfc062723c751e8b465ee728b)  -> (artifact id: 'ea5bc220bba324384e06844489bd6bb5') in 0.059233 seconds
Number of updated asset objects reloaded before import = 0
Number of asset objects unloaded after import = 3
========================================================================
Received Import Request.
  Time since last request: 0.000022 seconds.
  path: Assets/Resources/Character/Chaerin/Chaerin_hairDown.png
  artifactKey: Guid(b6b8d39748e94654481966ea960badea) Importer(815301076,1909f56bfc062723c751e8b465ee728b)
Start importing Assets/Resources/Character/Chaerin/Chaerin_hairDown.png using Guid(b6b8d39748e94654481966ea960badea) Importer(815301076,1909f56bfc062723c751e8b465ee728b)  -> (artifact id: '9db76bace2ca740528ef21407b2c6439') in 0.069010 seconds
Number of updated asset objects reloaded before import = 0
Number of asset objects unloaded after import = 3
========================================================================
Received Import Request.
  Time since last request: 0.000019 seconds.
  path: Assets/Resources/Character/Chaerin/Chaerin_hairDown_uniform.png
  artifactKey: Guid(49db848df46788848a2242fe41c6c697) Importer(815301076,1909f56bfc062723c751e8b465ee728b)
Start importing Assets/Resources/Character/Chaerin/Chaerin_hairDown_uniform.png using Guid(49db848df46788848a2242fe41c6c697) Importer(815301076,1909f56bfc062723c751e8b465ee728b)  -> (artifact id: '7c72ac6a491f9a36de49ca5e5bc000dd') in 0.096577 seconds
Number of updated asset objects reloaded before import = 0
Number of asset objects unloaded after import = 3
========================================================================
Received Import Request.
  Time since last request: 0.000018 seconds.
  path: Assets/1121/bag/bag.png
  artifactKey: Guid(95744e2ca20b7594eb979fae9029b082) Importer(815301076,1909f56bfc062723c751e8b465ee728b)
Start importing Assets/1121/bag/bag.png using Guid(95744e2ca20b7594eb979fae9029b082) Importer(815301076,1909f56bfc062723c751e8b465ee728b)  -> (artifact id: 'c4eeefe9c0fde2262b8d633ff26fc5c5') in 0.054489 seconds
Number of updated asset objects reloaded before import = 0
Number of asset objects unloaded after import = 3
========================================================================
Received Import Request.
  Time since last request: 0.000039 seconds.
  path: Assets/Resources/BGImage/ClassRoom_morn.jpeg
  artifactKey: Guid(54d88ef70dbdefc4bb5a71f5df405b7c) Importer(815301076,1909f56bfc062723c751e8b465ee728b)
Start importing Assets/Resources/BGImage/ClassRoom_morn.jpeg using Guid(54d88ef70dbdefc4bb5a71f5df405b7c) Importer(815301076,1909f56bfc062723c751e8b465ee728b)  -> (artifact id: 'fb62730aeb9011de5eebe14398e5a42d') in 0.058920 seconds
Number of updated asset objects reloaded before import = 0
Number of asset objects unloaded after import = 3
========================================================================
Received Import Request.
  Time since last request: 0.000017 seconds.
  path: Assets/Resources/Character/Jeha/Jeha_transition_3.png
  artifactKey: Guid(5a090aea2cb93934aa8b44742620f8bf) Importer(815301076,1909f56bfc062723c751e8b465ee728b)
Start importing Assets/Resources/Character/Jeha/Jeha_transition_3.png using Guid(5a090aea2cb93934aa8b44742620f8bf) Importer(815301076,1909f56bfc062723c751e8b465ee728b)  -> (artifact id: '4dc34a33ca6a6c85b56111b486b91c65') in 0.037162 seconds
Number of updated asset objects reloaded before import = 0
Number of asset objects unloaded after import = 3
========================================================================
Received Import Request.
  Time since last request: 6.323860 seconds.
  path: Assets/Resources/Character/Mihui/Mihui.png
  artifactKey: Guid(a4fbcb16e35be03429b4d1b493e372ae) Importer(815301076,1909f56bfc062723c751e8b465ee728b)
Start importing Assets/Resources/Character/Mihui/Mihui.png using Guid(a4fbcb16e35be03429b4d1b493e372ae) Importer(815301076,1909f56bfc062723c751e8b465ee728b)  -> (artifact id: 'be2e2428bf81bd7dfbc8cfe26f4a44ce') in 0.045257 seconds
Number of updated asset objects reloaded before import = 0
Number of asset objects unloaded after import = 3
========================================================================
Received Import Request.
  Time since last request: 0.000043 seconds.
  path: Assets/Resources/Character/Extra/unknown_extra_1.png
  artifactKey: Guid(2d0a697ae9ec9cb4c8aa816d522a72d1) Importer(815301076,1909f56bfc062723c751e8b465ee728b)
Start importing Assets/Resources/Character/Extra/unknown_extra_1.png using Guid(2d0a697ae9ec9cb4c8aa816d522a72d1) Importer(815301076,1909f56bfc062723c751e8b465ee728b)  -> (artifact id: '932144a006bc21d6f2847ffef4e530b3') in 0.042793 seconds
Number of updated asset objects reloaded before import = 0
Number of asset objects unloaded after import = 3
========================================================================
Received Import Request.
  Time since last request: 0.000024 seconds.
  path: Assets/Resources/BGImage/SchoolGate_morn.png
  artifactKey: Guid(e0527520671baa149b9b0caabfce119a) Importer(815301076,1909f56bfc062723c751e8b465ee728b)
Start importing Assets/Resources/BGImage/SchoolGate_morn.png using Guid(e0527520671baa149b9b0caabfce119a) Importer(815301076,1909f56bfc062723c751e8b465ee728b)  -> (artifact id: 'f06ccbaf3674c1b1144e508b9016fc47') in 0.041017 seconds
Number of updated asset objects reloaded before import = 0
Number of asset objects unloaded after import = 3
========================================================================
Received Import Request.
  Time since last request: 0.000023 seconds.
  path: Assets/1121/phone/phone.png
  artifactKey: Guid(2ce9fa8b31832754aabb21c661393fb5) Importer(815301076,1909f56bfc062723c751e8b465ee728b)
Start importing Assets/1121/phone/phone.png using Guid(2ce9fa8b31832754aabb21c661393fb5) Importer(815301076,1909f56bfc062723c751e8b465ee728b)  -> (artifact id: 'b425588ced343b22cc37c9f65696148a') in 0.041422 seconds
Number of updated asset objects reloaded before import = 0
Number of asset objects unloaded after import = 3
========================================================================
Received Import Request.
  Time since last request: 0.000043 seconds.
  path: Assets/Resources/BGImage/SchoolGate_after.png
  artifactKey: Guid(e78dc17bd3fb2a245bb6119980bf9368) Importer(815301076,1909f56bfc062723c751e8b465ee728b)
Start importing Assets/Resources/BGImage/SchoolGate_after.png using Guid(e78dc17bd3fb2a245bb6119980bf9368) Importer(815301076,1909f56bfc062723c751e8b465ee728b)  -> (artifact id: 'a567378e5140d9476c0f08a316213549') in 0.046836 seconds
Number of updated asset objects reloaded before import = 0
Number of asset objects unloaded after import = 3
========================================================================
Received Import Request.
  Time since last request: 0.000031 seconds.
  path: Assets/Resources/BGImage/screen/screen_filter_2.png
  artifactKey: Guid(6bd6edb52954d7d46ba676f32a9138c3) Importer(815301076,1909f56bfc062723c751e8b465ee728b)
Start importing Assets/Resources/BGImage/screen/screen_filter_2.png using Guid(6bd6edb52954d7d46ba676f32a9138c3) Importer(815301076,1909f56bfc062723c751e8b465ee728b)  -> (artifact id: '73af0433fd56eb9689ee084d16f0d6af') in 0.064282 seconds
Number of updated asset objects reloaded before import = 0
Number of asset objects unloaded after import = 3
========================================================================
Received Import Request.
  Time since last request: 0.000047 seconds.
  path: Assets/Resources/UI/Button/StartMenu/quit_clicked.png
  artifactKey: Guid(d7e115dae9480a442983927d453d5b2b) Importer(815301076,1909f56bfc062723c751e8b465ee728b)
Start importing Assets/Resources/UI/Button/StartMenu/quit_clicked.png using Guid(d7e115dae9480a442983927d453d5b2b) Importer(815301076,1909f56bfc062723c751e8b465ee728b)  -> (artifact id: 'ee5b79f2ff201cca6ade7146bb901f05') in 0.036136 seconds
Number of updated asset objects reloaded before import = 0
Number of asset objects unloaded after import = 3
Editor requested this worker to shutdown with reason: Scaling down because of idle timeout
TcpMessagingSession - receive error: operation aborted. errorcode: 995, details: The I/O operation has been aborted because of either a thread exit or an application request.
AssetImportWorker is now disconnected from the server
Process exiting
Exiting without the bug reporter. Application will terminate with return code 0