Using pre-set license
Built from '2022.3/staging' branch; Version is '2022.3.10f1 (ff3792e53c62) revision 16725906'; Using compiler version '192829333'; Build Type 'Release'
OS: 'Windows 11  (10.0.22621) 64bit Core' Language: 'en' Physical Memory: 16051 MB
BatchMode: 1, IsHumanControllingUs: 0, StartBugReporterOnCrash: 0, Is64bit: 1, IsPro: 1

COMMAND LINE ARGUMENTS:
C:\Program Files\Unity\Hub\Editor\2022.3.10f1\Editor\Unity.exe
-adb2
-batchMode
-noUpm
-name
AssetImportWorker6
-projectPath
C:/Users/alyss/OneDrive/AT Thru/Documents/GitHub/RomanceReborn
-logFile
Logs/AssetImportWorker6.log
-srvPort
55137
Successfully changed project path to: C:/Users/alyss/OneDrive/AT Thru/Documents/GitHub/RomanceReborn
C:/Users/alyss/OneDrive/AT Thru/Documents/GitHub/RomanceReborn
[UnityMemory] Configuration Parameters - Can be set up in boot.config
    "memorysetup-bucket-allocator-granularity=16"
    "memorysetup-bucket-allocator-bucket-count=8"
    "memorysetup-bucket-allocator-block-size=33554432"
    "memorysetup-bucket-allocator-block-count=8"
    "memorysetup-main-allocator-block-size=16777216"
    "memorysetup-thread-allocator-block-size=16777216"
    "memorysetup-gfx-main-allocator-block-size=16777216"
    "memorysetup-gfx-thread-allocator-block-size=16777216"
    "memorysetup-cache-allocator-block-size=4194304"
    "memorysetup-typetree-allocator-block-size=2097152"
    "memorysetup-profiler-bucket-allocator-granularity=16"
    "memorysetup-profiler-bucket-allocator-bucket-count=8"
    "memorysetup-profiler-bucket-allocator-block-size=33554432"
    "memorysetup-profiler-bucket-allocator-block-count=8"
    "memorysetup-profiler-allocator-block-size=16777216"
    "memorysetup-profiler-editor-allocator-block-size=1048576"
    "memorysetup-temp-allocator-size-main=16777216"
    "memorysetup-job-temp-allocator-block-size=2097152"
    "memorysetup-job-temp-allocator-block-size-background=1048576"
    "memorysetup-job-temp-allocator-reduction-small-platforms=262144"
    "memorysetup-allocator-temp-initial-block-size-main=262144"
    "memorysetup-allocator-temp-initial-block-size-worker=262144"
    "memorysetup-temp-allocator-size-background-worker=32768"
    "memorysetup-temp-allocator-size-job-worker=262144"
    "memorysetup-temp-allocator-size-preload-manager=33554432"
    "memorysetup-temp-allocator-size-nav-mesh-worker=65536"
    "memorysetup-temp-allocator-size-audio-worker=65536"
    "memorysetup-temp-allocator-size-cloud-worker=32768"
    "memorysetup-temp-allocator-size-gi-baking-worker=262144"
    "memorysetup-temp-allocator-size-gfx=262144"
Player connection [5068] Host "[IP] 192.168.1.171 [Port] 0 [Flags] 2 [Guid] 542368024 [EditorId] 542368024 [Version] 1048832 [Id] WindowsEditor(7,AlyssaPC) [Debug] 1 [PackageName] WindowsEditor [ProjectName] Editor" joined multi-casting on [225.0.0.222:54997]...

Player connection [5068] Host "[IP] 192.168.1.171 [Port] 0 [Flags] 2 [Guid] 542368024 [EditorId] 542368024 [Version] 1048832 [Id] WindowsEditor(7,AlyssaPC) [Debug] 1 [PackageName] WindowsEditor [ProjectName] Editor" joined alternative multi-casting on [225.0.0.222:34997]...

[Physics::Module] Initialized MultithreadedJobDispatcher with 19 workers.
Refreshing native plugins compatible for Editor in 13.75 ms, found 4 plugins.
Preloading 0 native plugins for Editor in 0.00 ms.
Initialize engine version: 2022.3.10f1 (ff3792e53c62)
[Subsystems] Discovering subsystems at path C:/Program Files/Unity/Hub/Editor/2022.3.10f1/Editor/Data/Resources/UnitySubsystems
[Subsystems] Discovering subsystems at path C:/Users/alyss/OneDrive/AT Thru/Documents/GitHub/RomanceReborn/Assets
GfxDevice: creating device client; threaded=0; jobified=0
Direct3D:
    Version:  Direct3D 11.0 [level 11.1]
    Renderer: NVIDIA GeForce RTX 3050 Ti Laptop GPU (ID=0x25a0)
    Vendor:   NVIDIA
    VRAM:     3976 MB
    Driver:   31.0.15.3758
Initialize mono
Mono path[0] = 'C:/Program Files/Unity/Hub/Editor/2022.3.10f1/Editor/Data/Managed'
Mono path[1] = 'C:/Program Files/Unity/Hub/Editor/2022.3.10f1/Editor/Data/MonoBleedingEdge/lib/mono/unityjit-win32'
Mono config path = 'C:/Program Files/Unity/Hub/Editor/2022.3.10f1/Editor/Data/MonoBleedingEdge/etc'
Using monoOptions --debugger-agent=transport=dt_socket,embedding=1,server=y,suspend=n,address=127.0.0.1:56268
Begin MonoManager ReloadAssembly
Registering precompiled unity dll's ...
Register platform support module: C:/Program Files/Unity/Hub/Editor/2022.3.10f1/Editor/Data/PlaybackEngines/WindowsStandaloneSupport/UnityEditor.WindowsStandalone.Extensions.dll
Registered in 0.010749 seconds.
- Loaded All Assemblies, in  0.638 seconds
Native extension for WindowsStandalone target not found
Mono: successfully reloaded assembly
- Finished resetting the current domain, in  0.322 seconds
Domain Reload Profiling: 958ms
	BeginReloadAssembly (333ms)
		ExecutionOrderSort (0ms)
		DisableScriptedObjects (0ms)
		BackupInstance (0ms)
		ReleaseScriptingObjects (0ms)
		CreateAndSetChildDomain (1ms)
	RebuildCommonClasses (38ms)
	RebuildNativeTypeToScriptingClass (10ms)
	initialDomainReloadingComplete (72ms)
	LoadAllAssembliesAndSetupDomain (183ms)
		LoadAssemblies (330ms)
		RebuildTransferFunctionScriptingTraits (0ms)
		AnalyzeDomain (181ms)
			TypeCache.Refresh (179ms)
				TypeCache.ScanAssembly (164ms)
			ScanForSourceGeneratedMonoScriptInfo (1ms)
			ResolveRequiredComponents (1ms)
	FinalizeReload (323ms)
		ReleaseScriptCaches (0ms)
		RebuildScriptCaches (0ms)
		SetupLoadedEditorAssemblies (248ms)
			LogAssemblyErrors (0ms)
			InitializePlatformSupportModulesInManaged (12ms)
			SetLoadedEditorAssemblies (7ms)
			RefreshPlugins (0ms)
			BeforeProcessingInitializeOnLoad (2ms)
			ProcessInitializeOnLoadAttributes (163ms)
			ProcessInitializeOnLoadMethodAttributes (63ms)
			AfterProcessingInitializeOnLoad (0ms)
			EditorAssembliesLoaded (0ms)
		ExecutionOrderSort2 (0ms)
		AwakeInstancesAfterBackupRestoration (0ms)
========================================================================
Worker process is ready to serve import requests
Begin MonoManager ReloadAssembly
- Loaded All Assemblies, in  1.551 seconds
Refreshing native plugins compatible for Editor in 5.65 ms, found 4 plugins.
Native extension for WindowsStandalone target not found
Package Manager log level set to [2]
[Package Manager] Server::EnsureServerProcessIsRunning -- launch failed, reason: Unity was launched with the -noUpm command-line argument
[Package Manager] UpmClient::Send -- Unable to send message (not connected to UPM process).
[Package Manager] Cannot connect to Unity Package Manager local server
Mono: successfully reloaded assembly
- Finished resetting the current domain, in  0.702 seconds
Domain Reload Profiling: 2250ms
	BeginReloadAssembly (200ms)
		ExecutionOrderSort (0ms)
		DisableScriptedObjects (5ms)
		BackupInstance (0ms)
		ReleaseScriptingObjects (0ms)
		CreateAndSetChildDomain (23ms)
	RebuildCommonClasses (46ms)
	RebuildNativeTypeToScriptingClass (14ms)
	initialDomainReloadingComplete (56ms)
	LoadAllAssembliesAndSetupDomain (1233ms)
		LoadAssemblies (1065ms)
		RebuildTransferFunctionScriptingTraits (0ms)
		AnalyzeDomain (292ms)
			TypeCache.Refresh (268ms)
				TypeCache.ScanAssembly (251ms)
			ScanForSourceGeneratedMonoScriptInfo (19ms)
			ResolveRequiredComponents (4ms)
	FinalizeReload (703ms)
		ReleaseScriptCaches (0ms)
		RebuildScriptCaches (0ms)
		SetupLoadedEditorAssemblies (537ms)
			LogAssemblyErrors (0ms)
			InitializePlatformSupportModulesInManaged (7ms)
			SetLoadedEditorAssemblies (3ms)
			RefreshPlugins (0ms)
			BeforeProcessingInitializeOnLoad (85ms)
			ProcessInitializeOnLoadAttributes (385ms)
			ProcessInitializeOnLoadMethodAttributes (45ms)
			AfterProcessingInitializeOnLoad (12ms)
			EditorAssembliesLoaded (0ms)
		ExecutionOrderSort2 (0ms)
		AwakeInstancesAfterBackupRestoration (8ms)
Launched and connected shader compiler UnityShaderCompiler.exe after 0.10 seconds
Refreshing native plugins compatible for Editor in 9.78 ms, found 4 plugins.
Preloading 0 native plugins for Editor in 0.00 ms.
Unloading 4046 Unused Serialized files (Serialized files now loaded: 0)
Unloading 63 unused Assets / (60.9 KB). Loaded Objects now: 4509.
Memory consumption went from 138.0 MB to 137.9 MB.
Total: 6.481600 ms (FindLiveObjects: 0.361500 ms CreateObjectMapping: 0.325000 ms MarkObjects: 5.268500 ms  DeleteObjects: 0.525700 ms)

AssetImportParameters requested are different than current active one (requested -> active):
  custom:container-demuxer-ogg: 62fdf1f143b41e24485cea50d1cbac27 -> 
  custom:video-codec-MediaFoundation-h265: e54d7ab0439102e2317fc1e4b246158d -> 
  custom:video-decoder-ogg-theora: a1e56fd34408186e4bbccfd4996cb3dc -> 
  custom:framework-win-MediaFoundation: 216162199b28c13a410421893ffa2e32 -> 
  custom:CustomObjectIndexerAttribute: 756ad292c208cfabdd7b50bc23989ffe -> 
  custom:container-demuxer-webm: 4f35f7cbe854078d1ac9338744f61a02 -> 
  custom:container-muxer-webm: aa71ff27fc2769a1b78a27578f13a17b -> 
  custom:video-decoder-webm-vp8: 9c59270c3fd7afecdb556c50c9e8de78 -> 
  custom:SearchIndexIgnoredProperties: e643bd26f0fe6173181afceb89e7c659 -> 
  custom:AudioImporter_EditorPlatform: d09bf68614088b80899f8185d706f6e7 -> 
  custom:video-encoder-webm-vp8: eb34c28f22e8b96e1ab97ce403110664 -> 
  custom:audio-decoder-ogg-vorbis: bf7c407c2cedff20999df2af8eb42d56 -> 
  custom:audio-encoder-webm-vorbis: bf7c407c2cedff20999df2af8eb42d56 -> 
========================================================================
Received Import Request.
  Time since last request: 949526.266578 seconds.
  path: Assets/1121/map/Map.png
  artifactKey: Guid(60f6c269c045a294ea49e9838f404629) Importer(815301076,1909f56bfc062723c751e8b465ee728b)
Start importing Assets/1121/map/Map.png using Guid(60f6c269c045a294ea49e9838f404629) Importer(815301076,1909f56bfc062723c751e8b465ee728b)  -> (artifact id: '4ffed9632b63bf7a130c70eebb8dba4d') in 0.185586 seconds
Number of updated asset objects reloaded before import = 0
Number of asset objects unloaded after import = 3
========================================================================
Received Import Request.
  Time since last request: 0.000041 seconds.
  path: Assets/Resources/BGImage/Stairs.png
  artifactKey: Guid(9d58e6c2b5f36bc4f9ec1f8f139eb602) Importer(815301076,1909f56bfc062723c751e8b465ee728b)
Start importing Assets/Resources/BGImage/Stairs.png using Guid(9d58e6c2b5f36bc4f9ec1f8f139eb602) Importer(815301076,1909f56bfc062723c751e8b465ee728b)  -> (artifact id: 'b87eb548cfa9215d8435940530ad53ba') in 0.049028 seconds
Number of updated asset objects reloaded before import = 0
Number of asset objects unloaded after import = 3
========================================================================
Received Import Request.
  Time since last request: 0.000035 seconds.
  path: Assets/Resources/BGImage/NurseOffice_morn.png
  artifactKey: Guid(fe3f5147323effe46af85b17cbd4c556) Importer(815301076,1909f56bfc062723c751e8b465ee728b)
Start importing Assets/Resources/BGImage/NurseOffice_morn.png using Guid(fe3f5147323effe46af85b17cbd4c556) Importer(815301076,1909f56bfc062723c751e8b465ee728b)  -> (artifact id: '98faba7bd95568ea505d547178f52cc2') in 0.040607 seconds
Number of updated asset objects reloaded before import = 0
Number of asset objects unloaded after import = 3
========================================================================
Received Import Request.
  Time since last request: 0.000026 seconds.
  path: Assets/Resources/BGImage/phone/note_bg.png
  artifactKey: Guid(bad8e6d9f664efd4cb7b3e5dde2902c4) Importer(815301076,1909f56bfc062723c751e8b465ee728b)
Start importing Assets/Resources/BGImage/phone/note_bg.png using Guid(bad8e6d9f664efd4cb7b3e5dde2902c4) Importer(815301076,1909f56bfc062723c751e8b465ee728b)  -> (artifact id: '8a0de8562342057288a0ad0d068d06b3') in 0.061867 seconds
Number of updated asset objects reloaded before import = 0
Number of asset objects unloaded after import = 3
========================================================================
Received Import Request.
  Time since last request: 967.150436 seconds.
  path: Assets/Resources/Music
  artifactKey: Guid(9d8f055c0eed81245ab7ceeddf3c1b2e) Importer(815301076,1909f56bfc062723c751e8b465ee728b)
Start importing Assets/Resources/Music using Guid(9d8f055c0eed81245ab7ceeddf3c1b2e) Importer(815301076,1909f56bfc062723c751e8b465ee728b)  -> (artifact id: 'aa8887635e39195a6086416873e06e6b') in 0.000933 seconds
Number of updated asset objects reloaded before import = 0
Number of asset objects unloaded after import = 0
========================================================================
Received Import Request.
  Time since last request: 0.281255 seconds.
  path: Assets/Resources/Music/AlarmClock.mp3
  artifactKey: Guid(0704ef1cc0295bb4aa16e58c25f61074) Importer(815301076,1909f56bfc062723c751e8b465ee728b)
Start importing Assets/Resources/Music/AlarmClock.mp3 using Guid(0704ef1cc0295bb4aa16e58c25f61074) Importer(815301076,1909f56bfc062723c751e8b465ee728b)  -> (artifact id: '7f409c49b79736351026457d199f54be') in 0.057870 seconds
Number of updated asset objects reloaded before import = 0
Number of asset objects unloaded after import = 2
========================================================================
Received Import Request.
  Time since last request: 0.000752 seconds.
  path: Assets/Resources/Music/ClockTimer.wav
  artifactKey: Guid(010a25d3dcce5ca40a873861f040859f) Importer(815301076,1909f56bfc062723c751e8b465ee728b)
Start importing Assets/Resources/Music/ClockTimer.wav using Guid(010a25d3dcce5ca40a873861f040859f) Importer(815301076,1909f56bfc062723c751e8b465ee728b)  -> (artifact id: '72fd7d482f04a43f36d3947bf31145aa') in 0.020026 seconds
Number of updated asset objects reloaded before import = 0
Number of asset objects unloaded after import = 2
========================================================================
Received Import Request.
  Time since last request: 0.000028 seconds.
  path: Assets/Resources/Music/HeartbeatLose.wav
  artifactKey: Guid(30aa2a2dc8f81b94abf268ad83d4c281) Importer(815301076,1909f56bfc062723c751e8b465ee728b)
Start importing Assets/Resources/Music/HeartbeatLose.wav using Guid(30aa2a2dc8f81b94abf268ad83d4c281) Importer(815301076,1909f56bfc062723c751e8b465ee728b)  -> (artifact id: '4a82d7d1df2cb806a81a1a94e5c96ed9') in 0.020979 seconds
Number of updated asset objects reloaded before import = 0
Number of asset objects unloaded after import = 2
========================================================================
Received Import Request.
  Time since last request: 0.000020 seconds.
  path: Assets/Resources/Music/Zombie3.wav
  artifactKey: Guid(eeb22ee21760ca243b0070d93d1c06c4) Importer(815301076,1909f56bfc062723c751e8b465ee728b)
Start importing Assets/Resources/Music/Zombie3.wav using Guid(eeb22ee21760ca243b0070d93d1c06c4) Importer(815301076,1909f56bfc062723c751e8b465ee728b)  -> (artifact id: 'd72bba824edf0d76693693dc9f21cee8') in 0.027912 seconds
Number of updated asset objects reloaded before import = 0
Number of asset objects unloaded after import = 2
========================================================================
Received Import Request.
  Time since last request: 0.000045 seconds.
  path: Assets/Resources/Music/StartMenu.mp3
  artifactKey: Guid(ff86db50e8dd4e44c8c381368633bc53) Importer(815301076,1909f56bfc062723c751e8b465ee728b)
Start importing Assets/Resources/Music/StartMenu.mp3 using Guid(ff86db50e8dd4e44c8c381368633bc53) Importer(815301076,1909f56bfc062723c751e8b465ee728b)  -> (artifact id: '14f1e1fbd6223a0403fde5f9e13db0a8') in 0.023156 seconds
Number of updated asset objects reloaded before import = 0
Number of asset objects unloaded after import = 2
========================================================================
Received Import Request.
  Time since last request: 0.000030 seconds.
  path: Assets/Resources/Music/notecollect.wav
  artifactKey: Guid(c15eb57529648be4ca4b7bce30c23907) Importer(815301076,1909f56bfc062723c751e8b465ee728b)
Start importing Assets/Resources/Music/notecollect.wav using Guid(c15eb57529648be4ca4b7bce30c23907) Importer(815301076,1909f56bfc062723c751e8b465ee728b)  -> (artifact id: '39da47cd7aa1a24f15b2b3eecdbaa05a') in 0.022881 seconds
Number of updated asset objects reloaded before import = 0
Number of asset objects unloaded after import = 2
========================================================================
Received Import Request.
  Time since last request: 0.000026 seconds.
  path: Assets/Resources/Music/Stage3Zombies.wav
  artifactKey: Guid(ee5a341c748327a4faa9cf42ce75dc9c) Importer(815301076,1909f56bfc062723c751e8b465ee728b)
Start importing Assets/Resources/Music/Stage3Zombies.wav using Guid(ee5a341c748327a4faa9cf42ce75dc9c) Importer(815301076,1909f56bfc062723c751e8b465ee728b)  -> (artifact id: '4c6ce030a251bcf3b283450e621419f7') in 0.018617 seconds
Number of updated asset objects reloaded before import = 0
Number of asset objects unloaded after import = 2
========================================================================
Received Import Request.
  Time since last request: 0.000025 seconds.
  path: Assets/Resources/Music/GetReadyHair.wav
  artifactKey: Guid(6e24d34dc6dd77948addc6d606d5855e) Importer(815301076,1909f56bfc062723c751e8b465ee728b)
Start importing Assets/Resources/Music/GetReadyHair.wav using Guid(6e24d34dc6dd77948addc6d606d5855e) Importer(815301076,1909f56bfc062723c751e8b465ee728b)  -> (artifact id: '492413f6b9edb9d88383988d9093f817') in 0.019558 seconds
Number of updated asset objects reloaded before import = 0
Number of asset objects unloaded after import = 2
========================================================================
Received Import Request.
  Time since last request: 0.000026 seconds.
  path: Assets/Resources/Music/BGmusic2.mp3
  artifactKey: Guid(1f5e96dcb48024e48a0a32259fe3b2f8) Importer(815301076,1909f56bfc062723c751e8b465ee728b)
Start importing Assets/Resources/Music/BGmusic2.mp3 using Guid(1f5e96dcb48024e48a0a32259fe3b2f8) Importer(815301076,1909f56bfc062723c751e8b465ee728b)  -> (artifact id: 'f376b7f3cc0226e025c7dd36ab9cc287') in 0.020114 seconds
Number of updated asset objects reloaded before import = 0
Number of asset objects unloaded after import = 2
========================================================================
Received Import Request.
  Time since last request: 0.000017 seconds.
  path: Assets/Resources/Music/ClassmatesTalking2.wav
  artifactKey: Guid(47e4cbeaae1ee104181fd08b6a5fe8c8) Importer(815301076,1909f56bfc062723c751e8b465ee728b)
Start importing Assets/Resources/Music/ClassmatesTalking2.wav using Guid(47e4cbeaae1ee104181fd08b6a5fe8c8) Importer(815301076,1909f56bfc062723c751e8b465ee728b)  -> (artifact id: 'e83c6b98232b906fbc52cba80fc756c6') in 0.016313 seconds
Number of updated asset objects reloaded before import = 0
Number of asset objects unloaded after import = 2
========================================================================
Received Import Request.
  Time since last request: 0.000021 seconds.
  path: Assets/Resources/Music/BGMusicLoop.mp3
  artifactKey: Guid(ab602e8a455e6b942a1d717439258753) Importer(815301076,1909f56bfc062723c751e8b465ee728b)
Start importing Assets/Resources/Music/BGMusicLoop.mp3 using Guid(ab602e8a455e6b942a1d717439258753) Importer(815301076,1909f56bfc062723c751e8b465ee728b)  -> (artifact id: '9c42bf1cd2a18ef339469c83930000a9') in 0.016707 seconds
Number of updated asset objects reloaded before import = 0
Number of asset objects unloaded after import = 2
========================================================================
Received Import Request.
  Time since last request: 0.000085 seconds.
  path: Assets/Resources/Music/GroupofZombies.wav
  artifactKey: Guid(fa05a7abdcb36ef4ca012f8855be640d) Importer(815301076,1909f56bfc062723c751e8b465ee728b)
Start importing Assets/Resources/Music/GroupofZombies.wav using Guid(fa05a7abdcb36ef4ca012f8855be640d) Importer(815301076,1909f56bfc062723c751e8b465ee728b)  -> (artifact id: '7cbd225e1fcb2c9ed76d6300683b52ab') in 0.018957 seconds
Number of updated asset objects reloaded before import = 0
Number of asset objects unloaded after import = 2
========================================================================
Received Import Request.
  Time since last request: 0.000026 seconds.
  path: Assets/Resources/Music/DoorOpening.wav
  artifactKey: Guid(7f80cbde513126a468743083bcad48b0) Importer(815301076,1909f56bfc062723c751e8b465ee728b)
Start importing Assets/Resources/Music/DoorOpening.wav using Guid(7f80cbde513126a468743083bcad48b0) Importer(815301076,1909f56bfc062723c751e8b465ee728b)  -> (artifact id: '867bee9d65d66b680cdc3908b91f80bb') in 0.020444 seconds
Number of updated asset objects reloaded before import = 0
Number of asset objects unloaded after import = 2
========================================================================
Received Import Request.
  Time since last request: 0.000020 seconds.
  path: Assets/Resources/Music/classmatesTalking.wav
  artifactKey: Guid(af28ac3f2b879614f85d6e9fa5ede702) Importer(815301076,1909f56bfc062723c751e8b465ee728b)
Start importing Assets/Resources/Music/classmatesTalking.wav using Guid(af28ac3f2b879614f85d6e9fa5ede702) Importer(815301076,1909f56bfc062723c751e8b465ee728b)  -> (artifact id: '76499989496266f336b9ae5d2763e245') in 0.018705 seconds
Number of updated asset objects reloaded before import = 0
Number of asset objects unloaded after import = 2
========================================================================
Received Import Request.
  Time since last request: 0.000018 seconds.
  path: Assets/Resources/Music/Stage3Sound.wav
  artifactKey: Guid(b582a2f6b0d0b5746bf48f161f8e22f9) Importer(815301076,1909f56bfc062723c751e8b465ee728b)
Start importing Assets/Resources/Music/Stage3Sound.wav using Guid(b582a2f6b0d0b5746bf48f161f8e22f9) Importer(815301076,1909f56bfc062723c751e8b465ee728b)  -> (artifact id: '2da09c64b0cbf31f470652e005f50678') in 0.019913 seconds
Number of updated asset objects reloaded before import = 0
Number of asset objects unloaded after import = 2
========================================================================
Received Import Request.
  Time since last request: 0.000022 seconds.
  path: Assets/Resources/Music/DoorLock.mp3
  artifactKey: Guid(1f2fa35f801042c408451706b9f68996) Importer(815301076,1909f56bfc062723c751e8b465ee728b)
Start importing Assets/Resources/Music/DoorLock.mp3 using Guid(1f2fa35f801042c408451706b9f68996) Importer(815301076,1909f56bfc062723c751e8b465ee728b)  -> (artifact id: 'e0cc3f32f38d8bc4dac156bc80a29462') in 0.007290 seconds
Number of updated asset objects reloaded before import = 0
Number of asset objects unloaded after import = 2
========================================================================
Received Import Request.
  Time since last request: 0.000027 seconds.
  path: Assets/Resources/Music/ProfileUpdate.wav
  artifactKey: Guid(9d93610b08e5ad946971cb901ece4943) Importer(815301076,1909f56bfc062723c751e8b465ee728b)
Start importing Assets/Resources/Music/ProfileUpdate.wav using Guid(9d93610b08e5ad946971cb901ece4943) Importer(815301076,1909f56bfc062723c751e8b465ee728b)  -> (artifact id: '27fa40d261086265ba70f9fbea20f483') in 0.020907 seconds
Number of updated asset objects reloaded before import = 0
Number of asset objects unloaded after import = 2
========================================================================
Received Import Request.
  Time since last request: 0.000019 seconds.
  path: Assets/Resources/Music/ItemEquip.mp3
  artifactKey: Guid(065fabfb90f49c346967cc484b238033) Importer(815301076,1909f56bfc062723c751e8b465ee728b)
Start importing Assets/Resources/Music/ItemEquip.mp3 using Guid(065fabfb90f49c346967cc484b238033) Importer(815301076,1909f56bfc062723c751e8b465ee728b)  -> (artifact id: '7ff1d607627c2f8d792750dee08f011d') in 0.015341 seconds
Number of updated asset objects reloaded before import = 0
Number of asset objects unloaded after import = 2
========================================================================
Received Import Request.
  Time since last request: 0.000017 seconds.
  path: Assets/Resources/Music/ZombieGrowl.wav
  artifactKey: Guid(c0c943ce2ff2b2d47a0dd55e75be9bb6) Importer(815301076,1909f56bfc062723c751e8b465ee728b)
Start importing Assets/Resources/Music/ZombieGrowl.wav using Guid(c0c943ce2ff2b2d47a0dd55e75be9bb6) Importer(815301076,1909f56bfc062723c751e8b465ee728b)  -> (artifact id: '8676a9690ec62bb98c9be53cbc401238') in 0.015476 seconds
Number of updated asset objects reloaded before import = 0
Number of asset objects unloaded after import = 2
========================================================================
Received Import Request.
  Time since last request: 0.000024 seconds.
  path: Assets/Resources/Music/BusHonk.wav
  artifactKey: Guid(5058c79697abb4c478a0e67ddda7c03a) Importer(815301076,1909f56bfc062723c751e8b465ee728b)
Start importing Assets/Resources/Music/BusHonk.wav using Guid(5058c79697abb4c478a0e67ddda7c03a) Importer(815301076,1909f56bfc062723c751e8b465ee728b)  -> (artifact id: '29c953dea308e70619ae2f0b96464c48') in 0.021766 seconds
Number of updated asset objects reloaded before import = 0
Number of asset objects unloaded after import = 2
Editor requested this worker to shutdown with reason: Scaling down because of idle timeout
TcpMessagingSession - receive error: operation aborted. errorcode: 995, details: The I/O operation has been aborted because of either a thread exit or an application request.
AssetImportWorker is now disconnected from the server
Process exiting
Exiting without the bug reporter. Application will terminate with return code 0